
> tauri-app@0.1.0 tauri
> tauri build

        Info Looking up installed tauri packages to check mismatched versions...
     Running beforeBuildCommand `npm run build`

> tauri-app@0.1.0 build
> tsc && vite build

[36mvite v7.3.3 [32mbuilding client environment for production...[36m[39m
transforming...
[32m✓[39m 46 modules transformed.
[33m[plugin vite:reporter] 
(!) /__w/BlackTeaSpeak/BlackTeaSpeak/BlackTeaSpeak-Client/node_modules/@tauri-apps/api/core.js is dynamically imported by /__w/BlackTeaSpeak/BlackTeaSpeak/BlackTeaSpeak-Client/src/ChannelEditModal.tsx, /__w/BlackTeaSpeak/BlackTeaSpeak/BlackTeaSpeak-Client/src/ChannelEditModal.tsx, /__w/BlackTeaSpeak/BlackTeaSpeak/BlackTeaSpeak-Client/src/InfoPane.tsx, /__w/BlackTeaSpeak/BlackTeaSpeak/BlackTeaSpeak-Client/src/InfoPane.tsx, /__w/BlackTeaSpeak/BlackTeaSpeak/BlackTeaSpeak-Client/src/InfoPane.tsx but also statically imported by /__w/BlackTeaSpeak/BlackTeaSpeak/BlackTeaSpeak-Client/node_modules/@tauri-apps/api/event.js, /__w/BlackTeaSpeak/BlackTeaSpeak/BlackTeaSpeak-Client/node_modules/@tauri-apps/plugin-global-shortcut/dist-js/index.js, /__w/BlackTeaSpeak/BlackTeaSpeak/BlackTeaSpeak-Client/node_modules/@tauri-apps/plugin-http/dist-js/index.js, /__w/BlackTeaSpeak/BlackTeaSpeak/BlackTeaSpeak-Client/src/App.tsx, /__w/BlackTeaSpeak/BlackTeaSpeak/BlackTeaSpeak-Client/src/BanManagerModal.tsx, /__w/BlackTeaSpeak/BlackTeaSpeak/BlackTeaSpeak-Client/src/ConnectedView.tsx, /__w/BlackTeaSpeak/BlackTeaSpeak/BlackTeaSpeak-Client/src/GroupManagerModal.tsx, /__w/BlackTeaSpeak/BlackTeaSpeak/BlackTeaSpeak-Client/src/PermissionEditorModal.tsx, /__w/BlackTeaSpeak/BlackTeaSpeak/BlackTeaSpeak-Client/src/SettingsModal.tsx, /__w/BlackTeaSpeak/BlackTeaSpeak/BlackTeaSpeak-Client/src/TokenManagerModal.tsx, dynamic import will not move module into another chunk.
[39m
[33m[plugin vite:reporter] 
(!) /__w/BlackTeaSpeak/BlackTeaSpeak/BlackTeaSpeak-Client/node_modules/@tauri-apps/api/event.js is dynamically imported by /__w/BlackTeaSpeak/BlackTeaSpeak/BlackTeaSpeak-Client/src/ChannelEditModal.tsx, /__w/BlackTeaSpeak/BlackTeaSpeak/BlackTeaSpeak-Client/src/InfoPane.tsx but also statically imported by /__w/BlackTeaSpeak/BlackTeaSpeak/BlackTeaSpeak-Client/src/BanManagerModal.tsx, /__w/BlackTeaSpeak/BlackTeaSpeak/BlackTeaSpeak-Client/src/ConnectedView.tsx, /__w/BlackTeaSpeak/BlackTeaSpeak/BlackTeaSpeak-Client/src/GroupManagerModal.tsx, /__w/BlackTeaSpeak/BlackTeaSpeak/BlackTeaSpeak-Client/src/PermissionEditorModal.tsx, /__w/BlackTeaSpeak/BlackTeaSpeak/BlackTeaSpeak-Client/src/SettingsModal.tsx, /__w/BlackTeaSpeak/BlackTeaSpeak/BlackTeaSpeak-Client/src/TokenManagerModal.tsx, dynamic import will not move module into another chunk.
[39m
[33m[plugin vite:reporter] 
(!) /__w/BlackTeaSpeak/BlackTeaSpeak/BlackTeaSpeak-Client/src/ts3parser.ts is dynamically imported by /__w/BlackTeaSpeak/BlackTeaSpeak/BlackTeaSpeak-Client/src/ChannelEditModal.tsx, /__w/BlackTeaSpeak/BlackTeaSpeak/BlackTeaSpeak-Client/src/InfoPane.tsx but also statically imported by /__w/BlackTeaSpeak/BlackTeaSpeak/BlackTeaSpeak-Client/src/BanManagerModal.tsx, /__w/BlackTeaSpeak/BlackTeaSpeak/BlackTeaSpeak-Client/src/ChannelEditModal.tsx, /__w/BlackTeaSpeak/BlackTeaSpeak/BlackTeaSpeak-Client/src/ConnectedView.tsx, /__w/BlackTeaSpeak/BlackTeaSpeak/BlackTeaSpeak-Client/src/GroupManagerModal.tsx, /__w/BlackTeaSpeak/BlackTeaSpeak/BlackTeaSpeak-Client/src/PermissionEditorModal.tsx, /__w/BlackTeaSpeak/BlackTeaSpeak/BlackTeaSpeak-Client/src/TokenManagerModal.tsx, dynamic import will not move module into another chunk.
[39m
rendering chunks...
computing gzip size...
[2mdist/[22m[32mindex.html                 [39m[1m[2m  0.47 kB[22m[1m[22m[2m │ gzip:  0.31 kB[22m
[2mdist/[22m[2massets/[22m[35mindex-CRs9lJAi.css  [39m[1m[2m 12.50 kB[22m[1m[22m[2m │ gzip:  3.06 kB[22m
[2mdist/[22m[2massets/[22m[36mindex-DU5NlgMN.js   [39m[1m[2m250.07 kB[22m[1m[22m[2m │ gzip: 74.89 kB[22m
[32m✓ built in 1.43s[39m
    Updating crates.io index
     Locking 610 packages to latest compatible versions
      Adding aes v0.6.0 (available: v0.9.0)
      Adding crypto-mac v0.10.0 (available: v0.10.1)
      Adding eax v0.3.0 (available: v0.5.0)
      Adding generic-array v0.14.7 (available: v0.14.9)
      Adding rand v0.8.6 (available: v0.10.1)
      Adding toml v0.8.2 (available: v0.8.23)
      Adding toml_datetime v0.6.3 (available: v0.6.11)
      Adding toml_edit v0.20.2 (available: v0.20.7)
 Downloading crates ...
  Downloaded alloc-no-stdlib v2.0.4
  Downloaded async-io v2.6.0
  Downloaded eax v0.3.0
  Downloaded futures-macro v0.3.32
  Downloaded form_urlencoded v1.2.2
  Downloaded foldhash v0.2.0
  Downloaded cargo-platform v0.1.9
  Downloaded futures-lite v2.6.1
  Downloaded futures-task v0.3.32
  Downloaded equivalent v1.0.2
  Downloaded gdkwayland-sys v0.18.2
  Downloaded fs_extra v1.3.0
  Downloaded futures-sink v0.3.32
  Downloaded gdk-sys v0.18.2
  Downloaded is-wsl v0.4.0
  Downloaded heck v0.5.0
  Downloaded gtk3-macros v0.18.2
  Downloaded ident_case v1.0.1
  Downloaded libappindicator-sys v0.9.0
  Downloaded infer v0.19.0
  Downloaded cpufeatures v0.2.17
  Downloaded new_debug_unreachable v1.0.6
  Downloaded option-ext v0.2.0
  Downloaded phf_generator v0.13.1
  Downloaded psl-types v2.0.11
  Downloaded parking v2.2.1
  Downloaded javascriptcore-rs v1.1.2
  Downloaded ordered-stream v0.2.0
  Downloaded ppv-lite86 v0.2.21
  Downloaded proc-macro-crate v2.0.2
  Downloaded ref-cast-impl v1.0.25
  Downloaded rustc-hash v2.1.2
  Downloaded quote v1.0.45
  Downloaded raw-window-handle v0.6.2
  Downloaded ringbuf v0.5.0
  Downloaded same-file v1.0.6
  Downloaded serde_urlencoded v0.7.1
  Downloaded serialize-to-javascript v0.1.2
  Downloaded sha1 v0.11.0
  Downloaded serde_spanned v0.6.9
  Downloaded sync_wrapper v1.0.2
  Downloaded toml_datetime v0.6.3
  Downloaded unic-ucd-version v0.9.0
  Downloaded utf8-zero v0.8.1
  Downloaded utf8_iter v1.0.4
  Downloaded zvariant_utils v3.3.1
  Downloaded zbus_macros v5.15.0
  Downloaded zeroize_derive v1.4.3
  Downloaded rand v0.9.4
  Downloaded zerofrom-derive v0.1.7
  Downloaded zvariant_derive v5.11.0
  Downloaded winnow v0.5.40
  Downloaded webkit2gtk v2.0.2
  Downloaded reqwest v0.12.28
  Downloaded winnow v0.7.15
  Downloaded zbus v5.15.0
  Downloaded time v0.3.47
  Downloaded x25519-dalek v2.0.1
  Downloaded webpki-roots v1.0.7
  Downloaded tao v0.35.3
  Downloaded x11-dl v2.21.0
  Downloaded zvariant v5.11.0
  Downloaded rustls v0.23.40
  Downloaded zerovec v0.11.6
  Downloaded x11rb v0.13.2
  Downloaded rustix v1.1.4
  Downloaded gtk v0.18.2
  Downloaded brotli v8.0.2
  Downloaded tracing v0.1.44
  Downloaded libc v0.2.186
  Downloaded regex-syntax v0.8.10
  Downloaded zerotrie v0.2.4
  Downloaded zerocopy v0.8.48
  Downloaded x11 v2.21.0
  Downloaded wry v0.55.1
  Downloaded tokio v1.52.3
  Downloaded regex-automata v0.4.14
  Downloaded winnow v1.0.3
  Downloaded glib v0.18.5
  Downloaded quick-xml v0.39.4
  Downloaded x11rb-protocol v0.13.2
  Downloaded libdbus-sys v0.2.7
  Downloaded gio v0.18.4
  Downloaded ureq v3.3.0
  Downloaded tauri v2.11.2
  Downloaded portable-atomic v1.13.1
  Downloaded tauri-utils v2.9.2
  Downloaded tauri-plugin-fs v2.5.1
  Downloaded syn v2.0.117
  Downloaded h2 v0.4.14
  Downloaded zmij v1.0.21
  Downloaded zerovec-derive v0.11.3
  Downloaded zeroize v1.8.2
  Downloaded zbus_names v4.3.2
  Downloaded icu_properties_data v2.2.0
  Downloaded hyper v1.9.0
  Downloaded hashbrown v0.17.1
  Downloaded zerofrom v0.1.8
  Downloaded xkeysym v0.2.1
  Downloaded tauri-plugin-global-shortcut v2.3.1
  Downloaded syn v1.0.109
  Downloaded png v0.17.16
  Downloaded idna v1.1.0
  Downloaded http v1.4.0
  Downloaded ring v0.17.14
  Downloaded gtk-sys v0.18.2
  Downloaded curve25519-dalek v4.1.3
  Downloaded quinn-proto v0.11.14
  Downloaded hyper-util v0.1.20
  Downloaded futures-util v0.3.32
  Downloaded uuid v1.23.1
  Downloaded ureq-proto v0.6.0
  Downloaded tray-icon v0.23.1
  Downloaded tower-http v0.6.11
  Downloaded tokio-util v0.7.18
  Downloaded serde_with v3.20.0
  Downloaded selectors v0.36.1
  Downloaded encoding_rs v0.8.35
  Downloaded quinn v0.11.9
  Downloaded publicsuffix v2.3.0
  Downloaded mio v1.2.0
  Downloaded indexmap v2.14.0
  Downloaded hashbrown v0.12.3
  Downloaded global-hotkey v0.7.0
  Downloaded gio-sys v0.18.1
  Downloaded chrono v0.4.44
  Downloaded aws-lc-rs v1.17.0
  Downloaded yoke v0.8.2
  Downloaded writeable v0.6.3
  Downloaded webkit2gtk-sys v2.0.2
  Downloaded url v2.5.8
  Downloaded unicode-segmentation v1.13.2
  Downloaded typenum v1.20.0
  Downloaded tower v0.5.3
  Downloaded toml_parser v1.1.2+spec-1.1.0
  Downloaded toml v0.9.12+spec-1.1.0
  Downloaded tokio-rustls v0.26.4
  Downloaded tendril v0.5.0
  Downloaded tauri-plugin-http v2.5.9
  Downloaded serde_json v1.0.150
  Downloaded rustls-platform-verifier v0.7.0
  Downloaded regex v1.12.3
  Downloaded muda v0.19.2
  Downloaded miniz_oxide v0.8.9
  Downloaded icu_properties v2.2.0
  Downloaded icu_normalizer_data v2.2.0
  Downloaded icu_normalizer v2.2.0
  Downloaded icu_locale_core v2.2.0
  Downloaded icu_collections v2.2.0
  Downloaded ico v0.5.0
  Downloaded yoke-derive v0.8.2
  Downloaded web_atoms v0.2.4
  Downloaded want v0.3.1
  Downloaded walkdir v2.5.0
  Downloaded version_check v0.9.5
  Downloaded version-compare v0.2.1
  Downloaded untrusted v0.9.0
  Downloaded try-lock v0.2.5
  Downloaded tracing-core v0.1.36
  Downloaded toml_edit v0.25.11+spec-1.1.0
  Downloaded toml_edit v0.20.2
  Downloaded toml_edit v0.19.15
  Downloaded toml_datetime v1.1.1+spec-1.1.0
  Downloaded tauri-winres v0.3.6
  Downloaded serde v1.0.228
  Downloaded semver v1.0.28
  Downloaded reqwest v0.13.3
  Downloaded portable-atomic-util v0.2.7
  Downloaded png v0.18.1
  Downloaded pango v0.18.3
  Downloaded log v0.4.29
  Downloaded indexmap v1.9.3
  Downloaded html5ever v0.38.0
  Downloaded glib-sys v0.18.1
  Downloaded getrandom v0.4.2
  Downloaded getrandom v0.3.4
  Downloaded brotli-decompressor v5.0.0
  Downloaded urlpattern v0.3.0
  Downloaded unicode-ident v1.0.24
  Downloaded unic-ucd-ident v0.9.0
  Downloaded unic-common v0.9.0
  Downloaded typeid v1.0.3
  Downloaded toml v1.1.2+spec-1.1.0
  Downloaded toml v0.8.2
  Downloaded tokio-macros v2.7.0
  Downloaded tinyvec v1.11.0
  Downloaded tauri-runtime-wry v2.11.2
  Downloaded tauri-runtime v2.11.2
  Downloaded tauri-plugin-opener v2.5.4
  Downloaded tauri-plugin v2.6.2
  Downloaded system-deps v6.2.2
  Downloaded string_cache v0.9.0
  Downloaded simd-adler32 v0.3.9
  Downloaded schemars v0.9.0
  Downloaded libappindicator v0.9.0
  Downloaded utf-8 v0.7.6
  Downloaded tracing-attributes v0.1.31
  Downloaded time-core v0.1.8
  Downloaded tauri-macros v2.6.2
  Downloaded tauri-codegen v2.6.2
  Downloaded tauri-build v2.6.2
  Downloaded socket2 v0.6.3
  Downloaded schemars v1.2.1
  Downloaded audiopus_sys v0.1.8
  Downloaded rustls-webpki v0.103.13
  Downloaded rand v0.8.6
  Downloaded pkg-config v0.3.33
  Downloaded parking_lot_core v0.9.12
  Downloaded parking_lot v0.12.5
  Downloaded pango-sys v0.18.0
  Downloaded linux-raw-sys v0.12.1
  Downloaded httparse v1.10.1
  Downloaded dbus v0.9.11
  Downloaded unic-char-range v0.9.0
  Downloaded unic-char-property v0.9.0
  Downloaded tower-service v0.3.3
  Downloaded tower-layer v0.3.3
  Downloaded toml_writer v1.1.1+spec-1.1.0
  Downloaded toml_datetime v0.7.5+spec-1.1.0
  Downloaded tinystr v0.8.3
  Downloaded time-macros v0.2.27
  Downloaded thiserror-impl v2.0.18
  Downloaded thiserror-impl v1.0.69
  Downloaded thiserror v2.0.18
  Downloaded thiserror v1.0.69
  Downloaded target-lexicon v0.12.16
  Downloaded synstructure v0.13.2
  Downloaded stable_deref_trait v1.2.1
  Downloaded soup3 v0.5.0
  Downloaded smallvec v1.15.1
  Downloaded sha2 v0.11.0
  Downloaded serde_with_macros v3.20.0
  Downloaded serde_derive v1.0.228
  Downloaded serde_core v1.0.228
  Downloaded schemars v0.8.22
  Downloaded ryu v1.0.23
  Downloaded lock_api v0.4.14
  Downloaded litemap v0.8.2
  Downloaded der v0.7.10
  Downloaded tinyvec_macros v0.1.1
  Downloaded strsim v0.11.1
  Downloaded spki v0.7.3
  Downloaded soup3-sys v0.5.0
  Downloaded slab v0.4.12
  Downloaded signal-hook-registry v1.4.8
  Downloaded shlex v1.3.0
  Downloaded sha2 v0.10.9
  Downloaded servo_arc v0.4.3
  Downloaded memchr v2.8.0
  Downloaded keyboard-types v0.7.0
  Downloaded jsonptr v0.6.3
  Downloaded iana-time-zone v0.1.65
  Downloaded derive_more-impl v2.1.1
  Downloaded subtle v2.6.1
  Downloaded string_cache_codegen v0.6.1
  Downloaded siphasher v1.0.3
  Downloaded signature v2.2.0
  Downloaded serde_spanned v1.1.1
  Downloaded serde_repr v0.1.20
  Downloaded serde_derive_internals v0.29.1
  Downloaded serde-untagged v0.1.9
  Downloaded crossbeam-channel v0.5.15
  Downloaded schemars_derive v0.8.22
  Downloaded rand_core v0.6.4
  Downloaded rand_chacha v0.3.1
  Downloaded proc-macro2 v1.0.106
  Downloaded proc-macro-error v1.0.4
  Downloaded event-listener v5.4.1
  Downloaded dom_query v0.27.0
  Downloaded bytes v1.11.1
  Downloaded serialize-to-javascript-impl v0.1.2
  Downloaded scopeguard v1.2.0
  Downloaded rustls-pki-types v1.14.1
  Downloaded rand_chacha v0.9.0
  Downloaded icu_provider v2.2.0
  Downloaded hybrid-array v0.4.12
  Downloaded glib-macros v0.18.5
  Downloaded getrandom v0.2.17
  Downloaded derive_more v2.1.1
  Downloaded rustls-native-certs v0.8.3
  Downloaded piper v0.2.5
  Downloaded phf v0.13.1
  Downloaded litrs v1.0.0
  Downloaded cc v1.2.62
  Downloaded quinn-udp v0.5.14
  Downloaded phf_macros v0.13.1
  Downloaded ipnet v2.12.0
  Downloaded darling_core v0.23.0
  Downloaded rustc_version v0.4.1
  Downloaded polling v3.11.0
  Downloaded pkcs8 v0.10.2
  Downloaded pin-project-lite v0.2.17
  Downloaded plist v1.9.0
  Downloaded open v5.3.5
  Downloaded once_cell v1.21.4
  Downloaded num-traits v0.2.19
  Downloaded base64 v0.22.1
  Downloaded rand_core v0.9.5
  Downloaded fdeflate v0.3.7
  Downloaded cairo-rs v0.18.5
  Downloaded gobject-sys v0.18.0
  Downloaded darling v0.23.0
  Downloaded cookie_store v0.22.1
  Downloaded ref-cast v1.0.25
  Downloaded mime v0.3.17
  Downloaded proc-macro-error-attr v1.0.4
  Downloaded ed25519-dalek v2.2.0
  Downloaded cssparser v0.36.0
  Downloaded byteorder v1.5.0
  Downloaded async-process v2.5.0
  Downloaded anyhow v1.0.102
  Downloaded phf_shared v0.13.1
  Downloaded ctr v0.6.0
  Downloaded const-oid v0.10.2
  Downloaded const-oid v0.9.6
  Downloaded camino v1.2.2
  Downloaded jobserver v0.1.34
  Downloaded hyper-rustls v0.27.9
  Downloaded generic-array v0.14.7
  Downloaded crossbeam-utils v0.8.21
  Downloaded crc32fast v1.5.0
  Downloaded async-lock v3.4.2
  Downloaded num-conv v0.2.2
  Downloaded json-patch v3.0.1
  Downloaded http-body-util v0.1.3
  Downloaded enumflags2 v0.7.12
  Downloaded cookie v0.18.1
  Downloaded cmake v0.1.58
  Downloaded async-broadcast v0.7.2
  Downloaded glob v0.3.3
  Downloaded data-url v0.3.2
  Downloaded concurrent-queue v2.5.0
  Downloaded cfb v0.7.3
  Downloaded atk-sys v0.18.2
  Downloaded async-trait v0.1.89
  Downloaded async-channel v2.5.0
  Downloaded openssl-probe v0.2.1
  Downloaded libloading v0.7.4
  Downloaded digest v0.10.7
  Downloaded deranged v0.5.8
  Downloaded cfg-expr v0.15.8
  Downloaded bitflags v2.11.1
  Downloaded atk v0.18.2
  Downloaded async-signal v0.2.14
  Downloaded proc-macro-crate v3.5.0
  Downloaded proc-macro-crate v1.3.1
  Downloaded precomputed-hash v0.1.1
  Downloaded powerfmt v0.2.0
  Downloaded potential_utf v0.1.5
  Downloaded pathdiff v0.2.3
  Downloaded opaque-debug v0.3.1
  Downloaded lru-slab v0.1.2
  Downloaded dtoa v1.0.11
  Downloaded phf_codegen v0.13.1
  Downloaded percent-encoding v2.3.2
  Downloaded autocfg v1.5.1
  Downloaded memoffset v0.9.1
  Downloaded is-docker v0.2.0
  Downloaded hex v0.4.3
  Downloaded dlopen2 v0.8.2
  Downloaded digest v0.11.3
  Downloaded cpal v0.17.3
  Downloaded async-task v4.7.1
  Downloaded async-recursion v1.1.1
  Downloaded markup5ever v0.38.0
  Downloaded javascriptcore-rs-sys v1.1.1
  Downloaded gethostname v1.1.0
  Downloaded event-listener-strategy v0.5.4
  Downloaded displaydoc v0.2.5
  Downloaded cipher v0.2.5
  Downloaded base64ct v1.8.3
  Downloaded aes v0.6.0
  Downloaded crypto-mac v0.10.0
  Downloaded cfg_aliases v0.2.1
  Downloaded itoa v1.0.18
  Downloaded gdkx11-sys v0.18.2
  Downloaded gdkx11 v0.18.2
  Downloaded dirs-sys v0.5.0
  Downloaded darling_macro v0.23.0
  Downloaded cpufeatures v0.3.0
  Downloaded http-body v1.0.1
  Downloaded field-offset v0.3.6
  Downloaded dirs v6.0.0
  Downloaded ctor-proc-macro v0.0.7
  Downloaded cmac v0.5.1
  Downloaded cargo_toml v0.22.3
  Downloaded cargo_metadata v0.19.2
  Downloaded bitflags v1.3.2
  Downloaded async-executor v1.14.0
  Downloaded futures-executor v0.3.32
  Downloaded dpi v0.1.2
  Downloaded curve25519-dalek-derive v0.1.1
  Downloaded ctor v0.8.0
  Downloaded alsa v0.11.0
  Downloaded heck v0.4.1
  Downloaded gdk-pixbuf-sys v0.18.0
  Downloaded crypto-common v0.2.2
  Downloaded bit-vec v0.8.0
  Downloaded idna_adapter v1.2.2
  Downloaded document-features v0.2.12
  Downloaded dbl v0.3.2
  Downloaded cssparser-macros v0.6.1
  Downloaded crypto-common v0.1.7
  Downloaded cairo-sys-rs v0.18.2
  Downloaded block-buffer v0.10.4
  Downloaded erased-serde v0.4.10
  Downloaded cfg-if v1.0.4
  Downloaded audiopus v0.2.0
  Downloaded blocking v1.6.2
  Downloaded gdk-pixbuf v0.18.5
  Downloaded gdk v0.18.2
  Downloaded futures-core v0.3.32
  Downloaded errno v0.3.14
  Downloaded embed-resource v3.0.9
  Downloaded dlopen2_derive v0.4.3
  Downloaded block-buffer v0.12.0
  Downloaded aho-corasick v1.1.4
  Downloaded futures-io v0.3.32
  Downloaded futures-channel v0.3.32
  Downloaded flate2 v1.1.9
  Downloaded enumflags2_derive v0.7.12
  Downloaded ed25519 v2.2.3
  Downloaded dasp_sample v0.11.0
  Downloaded atomic-waker v1.1.2
  Downloaded fnv v1.0.7
  Downloaded find-msvc-tools v0.1.9
  Downloaded bs58 v0.5.1
  Downloaded bit-set v0.8.0
  Downloaded aes-soft v0.6.4
  Downloaded fastrand v2.4.1
  Downloaded endi v1.1.1
  Downloaded dyn-clone v1.0.20
  Downloaded alsa-sys v0.4.0
  Downloaded alloc-stdlib v0.2.2
  Downloaded dtor-proc-macro v0.0.6
  Downloaded dtor v0.3.0
  Downloaded dtoa-short v0.3.5
  Downloaded dunce v1.0.5
  Downloaded aead v0.3.2
  Downloaded adler2 v2.0.1
  Downloaded aws-lc-sys v0.41.0
   Compiling quote v1.0.45
   Compiling proc-macro2 v1.0.106
   Compiling unicode-ident v1.0.24
   Compiling serde_core v1.0.228
   Compiling libc v0.2.186
   Compiling serde v1.0.228
   Compiling equivalent v1.0.2
   Compiling hashbrown v0.17.1
   Compiling smallvec v1.15.1
   Compiling pkg-config v0.3.33
   Compiling indexmap v2.14.0
   Compiling syn v2.0.117
   Compiling heck v0.5.0
   Compiling winnow v0.5.40
   Compiling target-lexicon v0.12.16
   Compiling cfg-expr v0.15.8
   Compiling version-compare v0.2.1
   Compiling version_check v0.9.5
   Compiling cfg-if v1.0.4
   Compiling pin-project-lite v0.2.17
   Compiling parking_lot_core v0.9.12
   Compiling icu_properties_data v2.2.0
   Compiling thiserror v1.0.69
   Compiling futures-core v0.3.32
   Compiling icu_normalizer_data v2.2.0
   Compiling autocfg v1.5.1
   Compiling siphasher v1.0.3
   Compiling phf_shared v0.13.1
   Compiling semver v1.0.28
   Compiling synstructure v0.13.2
   Compiling fastrand v2.4.1
   Compiling once_cell v1.21.4
   Compiling phf_generator v0.13.1
   Compiling zmij v1.0.21
   Compiling stable_deref_trait v1.2.1
   Compiling winnow v1.0.3
   Compiling slab v0.4.12
   Compiling bitflags v2.11.1
   Compiling dunce v1.0.5
   Compiling getrandom v0.4.2
   Compiling jobserver v0.1.34
   Compiling memchr v2.8.0
   Compiling shlex v1.3.0
   Compiling find-msvc-tools v0.1.9
   Compiling serde_derive v1.0.228
   Compiling zerofrom-derive v0.1.7
   Compiling yoke-derive v0.8.2
   Compiling zerovec-derive v0.11.3
   Compiling displaydoc v0.2.5
   Compiling thiserror-impl v1.0.69
   Compiling zerofrom v0.1.8
   Compiling toml_parser v1.1.2+spec-1.1.0
   Compiling yoke v0.8.2
   Compiling zerovec v0.11.6
   Compiling cc v1.2.62
   Compiling toml_datetime v1.1.1+spec-1.1.0
   Compiling num-conv v0.2.2
   Compiling time-core v0.1.8
   Compiling phf_macros v0.13.1
   Compiling itoa v1.0.18
   Compiling typeid v1.0.3
   Compiling thiserror v2.0.18
   Compiling tinystr v0.8.3
   Compiling thiserror-impl v2.0.18
   Compiling phf_codegen v0.13.1
   Compiling rustc_version v0.4.1
   Compiling toml_datetime v0.6.3
   Compiling serde_spanned v0.6.9
   Compiling generic-array v0.14.7
   Compiling toml_edit v0.20.2
   Compiling ident_case v1.0.1
   Compiling writeable v0.6.3
   Compiling erased-serde v0.4.10
   Compiling strsim v0.11.1
   Compiling litemap v0.8.2
   Compiling icu_locale_core v2.2.0
   Compiling darling_core v0.23.0
   Compiling potential_utf v0.1.5
   Compiling zerotrie v0.2.4
   Compiling futures-macro v0.3.32
   Compiling toml v0.8.2
   Compiling system-deps v6.2.2
   Compiling futures-task v0.3.32
   Compiling log v0.4.29
   Compiling utf8_iter v1.0.4
   Compiling icu_collections v2.2.0
   Compiling futures-util v0.3.32
   Compiling glib-sys v0.18.1
   Compiling gobject-sys v0.18.0
   Compiling gio-sys v0.18.1
   Compiling darling_macro v0.23.0
   Compiling icu_provider v2.2.0
   Compiling new_debug_unreachable v1.0.6
   Compiling anyhow v1.0.102
   Compiling scopeguard v1.2.0
   Compiling lock_api v0.4.14
   Compiling darling v0.23.0
   Compiling phf v0.13.1
   Compiling string_cache_codegen v0.6.1
   Compiling serde_json v1.0.150
   Compiling precomputed-hash v0.1.1
   Compiling web_atoms v0.2.4
   Compiling serde_with_macros v3.20.0
   Compiling icu_normalizer v2.2.0
   Compiling parking_lot v0.12.5
   Compiling icu_properties v2.2.0
   Compiling futures-channel v0.3.32
   Compiling proc-macro-error-attr v1.0.4
   Compiling serde_spanned v1.1.1
   Compiling syn v1.0.109
   Compiling toml_writer v1.1.1+spec-1.1.0
   Compiling ctor-proc-macro v0.0.7
   Compiling string_cache v0.9.0
   Compiling idna_adapter v1.2.2
   Compiling proc-macro-error v1.0.4
   Compiling percent-encoding v2.3.2
   Compiling futures-io v0.3.32
   Compiling utf-8 v0.7.6
   Compiling dtoa v1.0.11
   Compiling tendril v0.5.0
   Compiling dtoa-short v0.3.5
   Compiling form_urlencoded v1.2.2
   Compiling idna v1.1.0
   Compiling uuid v1.23.1
   Compiling gdk-sys v0.18.2
   Compiling selectors v0.36.1
   Compiling aho-corasick v1.1.4
   Compiling derive_more-impl v2.1.1
   Compiling cssparser-macros v0.6.1
   Compiling indexmap v1.9.3
   Compiling camino v1.2.2
   Compiling unic-char-range v0.9.0
   Compiling alloc-no-stdlib v2.0.4
   Compiling crossbeam-utils v0.8.21
   Compiling powerfmt v0.2.0
   Compiling bytes v1.11.1
   Compiling regex-syntax v0.8.10
   Compiling byteorder v1.5.0
   Compiling unic-common v0.9.0
   Compiling unic-ucd-version v0.9.0
   Compiling derive_more v2.1.1
   Compiling deranged v0.5.8
   Compiling alloc-stdlib v0.2.2
   Compiling unic-char-property v0.9.0
   Compiling cssparser v0.36.0
   Compiling markup5ever v0.38.0
   Compiling url v2.5.8
   Compiling toml v1.1.2+spec-1.1.0
   Compiling regex-automata v0.4.14
   Compiling servo_arc v0.4.3
   Compiling serde_derive_internals v0.29.1
   Compiling schemars v0.8.22
   Compiling bit-vec v0.8.0
   Compiling rustc-hash v2.1.2
   Compiling hashbrown v0.12.3
   Compiling fnv v1.0.7
   Compiling cfb v0.7.3
   Compiling schemars_derive v0.8.22
   Compiling bit-set v0.8.0
   Compiling regex v1.12.3
   Compiling time v0.3.47
   Compiling html5ever v0.38.0
   Compiling unic-ucd-ident v0.9.0
   Compiling brotli-decompressor v5.0.0
   Compiling jsonptr v0.6.3
   Compiling proc-macro-crate v2.0.2
   Compiling cargo-platform v0.1.9
   Compiling quick-xml v0.39.4
   Compiling dyn-clone v1.0.20
   Compiling base64 v0.22.1
   Compiling heck v0.4.1
   Compiling same-file v1.0.6
   Compiling foldhash v0.2.0
   Compiling typenum v1.20.0
   Compiling dom_query v0.27.0
   Compiling plist v1.9.0
   Compiling http v1.4.0
   Compiling glib-macros v0.18.5
   Compiling walkdir v2.5.0
   Compiling cargo_metadata v0.19.2
   Compiling json-patch v3.0.1
   Compiling brotli v8.0.2
   Compiling urlpattern v0.3.0
   Compiling serde-untagged v0.1.9
   Compiling infer v0.19.0
   Compiling ctor v0.8.0
   Compiling serde_with v3.20.0
   Compiling futures-executor v0.3.32
   Compiling cairo-sys-rs v0.18.2
   Compiling gdk-pixbuf-sys v0.18.0
   Compiling pango-sys v0.18.0
   Compiling glob v0.3.3
   Compiling glib v0.18.5
   Compiling tauri-utils v2.9.2
   Compiling atk-sys v0.18.2
   Compiling errno v0.3.14
   Compiling signal-hook-registry v1.4.8
   Compiling gio v0.18.4
   Compiling gtk-sys v0.18.2
   Compiling zeroize_derive v1.4.3
   Compiling zeroize v1.8.2
   Compiling tokio-macros v2.7.0
   Compiling toml_datetime v0.7.5+spec-1.1.0
   Compiling socket2 v0.6.3
   Compiling mio v1.2.0
   Compiling option-ext v0.2.0
   Compiling crc32fast v1.5.0
   Compiling winnow v0.7.15
   Compiling dirs-sys v0.5.0
   Compiling tokio v1.52.3
   Compiling toml v0.9.12+spec-1.1.0
   Compiling embed-resource v3.0.9
   Compiling cmake v0.1.58
   Compiling memoffset v0.9.1
   Compiling getrandom v0.2.17
   Compiling fs_extra v1.3.0
   Compiling aws-lc-sys v0.41.0
   Compiling tauri-winres v0.3.6
   Compiling cargo_toml v0.22.3
   Compiling dirs v6.0.0
   Compiling pango v0.18.3
   Compiling gdk-pixbuf v0.18.5
   Compiling cairo-rs v0.18.5
   Compiling field-offset v0.3.6
   Compiling toml_edit v0.19.15
   Compiling time-macros v0.2.27
   Compiling subtle v2.6.1
   Compiling proc-macro-crate v1.3.1
   Compiling gdk v0.18.2
   Compiling tauri-build v2.6.2
   Compiling tauri-plugin v2.6.2
   Compiling soup3-sys v0.5.0
   Compiling javascriptcore-rs-sys v1.1.1
   Compiling gtk v0.18.2
   Compiling parking v2.2.1
   Compiling gtk3-macros v0.18.2
   Compiling atk v0.18.2
   Compiling concurrent-queue v2.5.0
   Compiling webkit2gtk-sys v2.0.2
   Compiling ring v0.17.14
   Compiling cookie v0.18.1
   Compiling x11 v2.21.0
   Compiling simd-adler32 v0.3.9
   Compiling aws-lc-rs v1.17.0
   Compiling rustix v1.1.4
   Compiling tauri v2.11.2
   Compiling rustls-pki-types v1.14.1
   Compiling gdkx11-sys v0.18.2
   Compiling adler2 v2.0.1
   Compiling bitflags v1.3.2
   Compiling atomic-waker v1.1.2
   Compiling linux-raw-sys v0.12.1
   Compiling miniz_oxide v0.8.9
   Compiling dpi v0.1.2
   Compiling tracing-attributes v0.1.31
   Compiling tracing-core v0.1.36
   Compiling x11-dl v2.21.0
   Compiling libdbus-sys v0.2.7
   Compiling untrusted v0.9.0
   Compiling httparse v1.10.1
   Compiling tracing v0.1.44
   Compiling flate2 v1.1.9
   Compiling javascriptcore-rs v1.1.2
   Compiling soup3 v0.5.0
   Compiling block-buffer v0.10.4
   Compiling crypto-common v0.1.7
   Compiling fdeflate v0.3.7
   Compiling crossbeam-channel v0.5.15
   Compiling toml_edit v0.25.11+spec-1.1.0
   Compiling enumflags2_derive v0.7.12
   Compiling raw-window-handle v0.6.2
   Compiling rustls v0.23.40
   Compiling png v0.17.16
   Compiling proc-macro-crate v3.5.0
   Compiling webkit2gtk v2.0.2
   Compiling digest v0.10.7
   Compiling event-listener v5.4.1
   Compiling http-body v1.0.1
   Compiling zvariant_utils v3.3.1
   Compiling dlopen2_derive v0.4.3
   Compiling cpufeatures v0.2.17
   Compiling futures-sink v0.3.32
   Compiling tauri-runtime v2.11.2
   Compiling wry v0.55.1
   Compiling unicode-segmentation v1.13.2
   Compiling keyboard-types v0.7.0
   Compiling tokio-util v0.7.18
   Compiling sha2 v0.10.9
   Compiling dlopen2 v0.8.2
   Compiling zvariant_derive v5.11.0
   Compiling event-listener-strategy v0.5.4
   Compiling dbus v0.9.11
   Compiling ico v0.5.0
   Compiling futures-lite v2.6.1
   Compiling gdkx11 v0.18.2
   Compiling gdkwayland-sys v0.18.2
   Compiling mime v0.3.17
   Compiling tower-service v0.3.3
   Compiling try-lock v0.2.5
   Compiling tauri-runtime-wry v2.11.2
   Compiling getrandom v0.3.4
   Compiling want v0.3.1
   Compiling tao v0.35.3
   Compiling tauri-codegen v2.6.2
   Compiling h2 v0.4.14
   Compiling cipher v0.2.5
   Compiling serde_repr v0.1.20
   Compiling serialize-to-javascript-impl v0.1.2
   Compiling async-io v2.6.0
   Compiling serialize-to-javascript v0.1.2
   Compiling tauri-macros v2.6.2
   Compiling hyper v1.9.0
   Compiling muda v0.19.2
   Compiling enumflags2 v0.7.12
   Compiling polling v3.11.0
   Compiling webpki-roots v1.0.7
   Compiling tauri-plugin-fs v2.5.1
   Compiling hybrid-array v0.4.12
   Compiling sync_wrapper v1.0.2
   Compiling zerocopy v0.8.48
   Compiling endi v1.1.1
   Compiling ipnet v2.12.0
   Compiling async-task v4.7.1
   Compiling tower-layer v0.3.3
   Compiling tower v0.5.3
   Compiling hyper-util v0.1.20
   Compiling zvariant v5.11.0
   Compiling rustls-webpki v0.103.13
   Compiling async-channel v2.5.0
   Compiling rand_core v0.6.4
   Compiling curve25519-dalek v4.1.3
   Compiling alsa-sys v0.4.0
   Compiling litrs v1.0.0
   Compiling psl-types v2.0.11
   Compiling publicsuffix v2.3.0
   Compiling document-features v0.2.12
   Compiling tokio-rustls v0.26.4
   Compiling hyper-rustls v0.27.9
   Compiling async-signal v0.2.14
   Compiling zbus_names v4.3.2
   Compiling tower-http v0.6.11
   Compiling crypto-common v0.2.2
   Compiling block-buffer v0.12.0
   Compiling async-lock v3.4.2
   Compiling http-body-util v0.1.3
   Compiling piper v0.2.5
   Compiling gethostname v1.1.0
   Compiling tauri-plugin-opener v2.5.4
   Compiling tauri-plugin-http v2.5.9
   Compiling tauri-plugin-global-shortcut v2.3.1
   Compiling audiopus_sys v0.1.8
   Compiling curve25519-dalek-derive v0.1.1
   Compiling is-docker v0.2.0
   Compiling encoding_rs v0.8.35
   Compiling x11rb-protocol v0.13.2
   Compiling const-oid v0.10.2
   Compiling openssl-probe v0.2.1
   Compiling ryu v1.0.23
   Compiling serde_urlencoded v0.7.1
   Compiling rustls-native-certs v0.8.3
   Compiling digest v0.11.3
   Compiling is-wsl v0.4.0
   Compiling x11rb v0.13.2
   Compiling blocking v1.6.2
   Compiling async-process v2.5.0
   Compiling zbus_macros v5.15.0
   Compiling ppv-lite86 v0.2.21
   Compiling cookie_store v0.22.1
   Compiling async-executor v1.14.0
   Compiling crypto-mac v0.10.0
   Compiling async-broadcast v0.7.2
   Compiling dbl v0.3.2
   Compiling async-recursion v1.1.1
   Compiling async-trait v0.1.89
   Compiling ordered-stream v0.2.0
   Compiling opaque-debug v0.3.1
   Compiling cpal v0.17.3
   Compiling hex v0.4.3
   Compiling xkeysym v0.2.1
   Compiling cpufeatures v0.3.0
   Compiling signature v2.2.0
   Compiling pathdiff v0.2.3
   Compiling zbus v5.15.0
   Compiling open v5.3.5
   Compiling ed25519 v2.2.3
   Compiling aes-soft v0.6.4
   Compiling global-hotkey v0.7.0
   Compiling cmac v0.5.1
   Compiling reqwest v0.12.28
   Compiling alsa v0.11.0
   Compiling rand_chacha v0.3.1
   Compiling rustls-platform-verifier v0.7.0
   Compiling ctr v0.6.0
   Compiling ureq-proto v0.6.0
   Compiling tauri-app v0.1.0 (/__w/BlackTeaSpeak/BlackTeaSpeak/BlackTeaSpeak-Client/src-tauri)
   Compiling aead v0.3.2
   Compiling data-url v0.3.2
   Compiling utf8-zero v0.8.1
   Compiling dasp_sample v0.11.0
   Compiling ureq v3.3.0
   Compiling eax v0.3.0
   Compiling ed25519-dalek v2.2.0
   Compiling reqwest v0.13.3
   Compiling audiopus v0.2.0
   Compiling rand v0.8.6
   Compiling aes v0.6.0
   Compiling sha2 v0.11.0
   Compiling sha1 v0.11.0
   Compiling x25519-dalek v2.0.1
   Compiling ringbuf v0.5.0
warning: unused import: `Sha512`
 --> src/btea.rs:4:20
  |
4 | use sha2::{Sha256, Sha512, Digest};
  |                    ^^^^^^
  |
  = note: `#[warn(unused_imports)]` (part of `#[warn(unused)]`) on by default

warning: unused import: `tauri::State`
 --> src/btea.rs:5:5
  |
5 | use tauri::State;
  |     ^^^^^^^^^^^^

warning: unused import: `SampleFormat`
 --> src/audio_manager.rs:3:26
  |
3 | use cpal::{StreamConfig, SampleFormat};
  |                          ^^^^^^^^^^^^

warning: unused import: `std::time::Duration`
 --> src/audio_manager.rs:8:5
  |
8 | use std::time::Duration;
  |     ^^^^^^^^^^^^^^^^^^^

warning: use of deprecated method `cpal::traits::DeviceTrait::name`: Use `description()` for comprehensive device information including name, manufacturer, and device type. Use `id()` for a unique, stable device identifier that persists across reboots and reconnections.
  --> src/audio_manager.rs:38:20
   |
38 |     let name = dev.name().unwrap_or_else(|_| "Unknown Device".to_string());
   |                    ^^^^
   |
   = note: `#[warn(deprecated)]` on by default

warning: `tauri-app` (lib) generated 5 warnings (run `cargo fix --lib -p tauri-app` to apply 4 suggestions)
    Finished `release` profile [optimized] target(s) in 4m 22s
       Built application at: /__w/BlackTeaSpeak/BlackTeaSpeak/BlackTeaSpeak-Client/src-tauri/target/release/tauri-app
        Info Patching /__w/BlackTeaSpeak/BlackTeaSpeak/BlackTeaSpeak-Client/src-tauri/target/release/tauri-app with bundle type information: deb
    Bundling BlackTeaSpeak-Client_0.1.0_amd64.deb (/__w/BlackTeaSpeak/BlackTeaSpeak/BlackTeaSpeak-Client/src-tauri/target/release/bundle/deb/BlackTeaSpeak-Client_0.1.0_amd64.deb)
        Info Patching /__w/BlackTeaSpeak/BlackTeaSpeak/BlackTeaSpeak-Client/src-tauri/target/release/tauri-app with bundle type information: rpm
    Bundling BlackTeaSpeak-Client-0.1.0-1.x86_64.rpm (/__w/BlackTeaSpeak/BlackTeaSpeak/BlackTeaSpeak-Client/src-tauri/target/release/bundle/rpm/BlackTeaSpeak-Client-0.1.0-1.x86_64.rpm)
        Info Patching /__w/BlackTeaSpeak/BlackTeaSpeak/BlackTeaSpeak-Client/src-tauri/target/release/tauri-app with bundle type information: appimage
 Downloading https://github.com/tauri-apps/binary-releases/releases/download/apprun-old/AppRun-x86_64
 Downloading https://github.com/tauri-apps/binary-releases/releases/download/linuxdeploy/linuxdeploy-x86_64.AppImage
 Downloading https://raw.githubusercontent.com/tauri-apps/linuxdeploy-plugin-gtk/master/linuxdeploy-plugin-gtk.sh
 Downloading https://raw.githubusercontent.com/tauri-apps/linuxdeploy-plugin-gstreamer/master/linuxdeploy-plugin-gstreamer.sh
 Downloading https://github.com/linuxdeploy/linuxdeploy-plugin-appimage/releases/download/continuous/linuxdeploy-plugin-appimage-x86_64.AppImage
    Bundling BlackTeaSpeak-Client_0.1.0_amd64.AppImage (/__w/BlackTeaSpeak/BlackTeaSpeak/BlackTeaSpeak-Client/src-tauri/target/release/bundle/appimage/BlackTeaSpeak-Client_0.1.0_amd64.AppImage)
failed to bundle project xdg-open binary not found /usr/bin/xdg-open: No such file or directory (os error 2)
       Error failed to bundle project xdg-open binary not found /usr/bin/xdg-open: No such file or directory (os error 2)
